#
# An unexpected error has been detected by Java Runtime Environment:
#
#  EXCEPTION_ACCESS_VIOLATION (0xc0000005) at pc=0x77832be9, pid=3684, tid=1000
#
# Java VM: Java HotSpot(TM) Client VM (10.0-b23 mixed mode, sharing windows-x86)
# Problematic frame:
# C  [ntdll.dll+0x52be9]
#
# If you would like to submit a bug report, please visit:
#   http://java.sun.com/webapps/bugreport/crash.jsp
# The crash happened outside the Java Virtual Machine in native code.
# See problematic frame for where to report the bug.
#

---------------  T H R E A D  ---------------

Current thread (0x00be7000):  JavaThread "main" [_thread_in_native, id=1000, stack(0x00290000,0x002e0000)]

siginfo: ExceptionCode=0xc0000005, reading address 0x03fdafba

Registers:
EAX=0x00100000, EBX=0x04040a70, ECX=0x00000000, EDX=0x0000007f
ESP=0x002dfa78, EBP=0x002dfaa0, ESI=0x03fdafb8, EDI=0x04000000
EIP=0x77832be9, EFLAGS=0x00010246

Top of Stack: (sp=0x002dfa78)
0x002dfa78:   04000000 04040a70 00000000 6d87832f
0x002dfa88:   0000000a 002dfa6c 00000014 002dfb88
0x002dfa98:   777fd75d 00211e9b 002dfb98 77832eed
0x002dfaa8:   04000000 04040a70 002dfb68 00000000
0x002dfab8:   778ff5db 00000000 04000000 04040a78
0x002dfac8:   002dfc50 6d9ef75d 002dfc50 00be756c
0x002dfad8:   002dfb24 6d90b070 00000000 6d9b6b12
0x002dfae8:   01900a70 04000000 04000150 6d934260 

Instructions: (pc=0x77832be9)
0x77832bd9:   f0 3b f3 74 17 8b 47 4c 8b c8 c1 e9 14 22 4f 52
0x77832be9:   32 4e 02 f6 c1 01 0f 84 0c 34 00 00 83 7f 4c 00 


Stack: [0x00290000,0x002e0000],  sp=0x002dfa78,  free space=318k
Native frames: (J=compiled Java code, j=interpreted, Vv=VM code, C=native code)
C  [ntdll.dll+0x52be9]
C  [ntdll.dll+0x52eed]
C  [ntdll.dll+0x52dd8]
C  [kernel32.dll+0x4f1cc]
C  [Jpcap.dll+0x578c]
C  [Jpcap.dll+0x351a]
v  ~BufferBlob::Interpreter
v  ~BufferBlob::Interpreter
v  ~BufferBlob::StubRoutines (1)

Java frames: (J=compiled Java code, j=interpreted, Vv=VM code)
v  ~BufferBlob::Interpreter
v  ~BufferBlob::Interpreter
v  ~BufferBlob::Interpreter
v  ~BufferBlob::StubRoutines (1)

---------------  P R O C E S S  ---------------

Java Threads: ( => current thread )
  0x0197a800 JavaThread "Low Memory Detector" daemon [_thread_blocked, id=2828, stack(0x03c10000,0x03c60000)]
  0x0196c400 JavaThread "CompilerThread0" daemon [_thread_blocked, id=844, stack(0x03bc0000,0x03c10000)]
  0x0196bc00 JavaThread "Attach Listener" daemon [_thread_blocked, id=3360, stack(0x03b70000,0x03bc0000)]
  0x01963400 JavaThread "Signal Dispatcher" daemon [_thread_blocked, id=3348, stack(0x03b20000,0x03b70000)]
  0x01923800 JavaThread "Finalizer" daemon [_thread_blocked, id=3784, stack(0x03ad0000,0x03b20000)]
  0x01922800 JavaThread "Reference Handler" daemon [_thread_blocked, id=3884, stack(0x03a80000,0x03ad0000)]
=>0x00be7000 JavaThread "main" [_thread_in_native, id=1000, stack(0x00290000,0x002e0000)]

Other Threads:
  0x01921000 VMThread [stack: 0x03a30000,0x03a80000] [id=1624]
  0x0197c800 WatcherThread [stack: 0x03c60000,0x03cb0000] [id=1232]

VM state:not at safepoint (normal execution)

VM Mutex/Monitor currently owned by a thread: None

Heap
 def new generation   total 960K, used 426K [0x23690000, 0x23790000, 0x23b70000)
  eden space 896K,  47% used [0x23690000, 0x236fab38, 0x23770000)
  from space 64K,   0% used [0x23770000, 0x23770000, 0x23780000)
  to   space 64K,   0% used [0x23780000, 0x23780000, 0x23790000)
 tenured generation   total 4096K, used 0K [0x23b70000, 0x23f70000, 0x27690000)
   the space 4096K,   0% used [0x23b70000, 0x23b70000, 0x23b70200, 0x23f70000)
 compacting perm gen  total 12288K, used 81K [0x27690000, 0x28290000, 0x2b690000)
   the space 12288K,   0% used [0x27690000, 0x276a44e8, 0x276a4600, 0x28290000)
    ro space 8192K,  66% used [0x2b690000, 0x2bbe0f10, 0x2bbe1000, 0x2be90000)
    rw space 12288K,  52% used [0x2be90000, 0x2c4e06d0, 0x2c4e0800, 0x2ca90000)

Dynamic libraries:
0x00400000 - 0x00428000 	D:\Program Files\Java\jdk1.6.0_07\jre\bin\java.exe
0x777e0000 - 0x7791c000 	D:\Windows\SYSTEM32\ntdll.dll
0x77360000 - 0x77434000 	D:\Windows\system32\kernel32.dll
0x75bb0000 - 0x75bfa000 	D:\Windows\system32\KERNELBASE.dll
0x76e30000 - 0x76ed0000 	D:\Windows\system32\ADVAPI32.dll
0x77010000 - 0x770bc000 	D:\Windows\system32\msvcrt.dll
0x779e0000 - 0x779f9000 	D:\Windows\SYSTEM32\sechost.dll
0x75c30000 - 0x75cd1000 	D:\Windows\system32\RPCRT4.dll
0x7c340000 - 0x7c396000 	D:\Program Files\Java\jdk1.6.0_07\jre\bin\msvcr71.dll
0x6d870000 - 0x6dac0000 	D:\Program Files\Java\jdk1.6.0_07\jre\bin\client\jvm.dll
0x76b50000 - 0x76c19000 	D:\Windows\system32\USER32.dll
0x769b0000 - 0x769fe000 	D:\Windows\system32\GDI32.dll
0x77a00000 - 0x77a0a000 	D:\Windows\system32\LPK.dll
0x77940000 - 0x779dd000 	D:\Windows\system32\USP10.dll
0x73d50000 - 0x73d82000 	D:\Windows\system32\WINMM.dll
0x76a60000 - 0x76a7f000 	D:\Windows\system32\IMM32.DLL
0x76a80000 - 0x76b4c000 	D:\Windows\system32\MSCTF.dll
0x75830000 - 0x7587b000 	D:\Windows\system32\apphelp.dll
0x6d320000 - 0x6d328000 	D:\Program Files\Java\jdk1.6.0_07\jre\bin\hpi.dll
0x77920000 - 0x77925000 	D:\Windows\system32\PSAPI.DLL
0x6d820000 - 0x6d82c000 	D:\Program Files\Java\jdk1.6.0_07\jre\bin\verify.dll
0x6d3c0000 - 0x6d3df000 	D:\Program Files\Java\jdk1.6.0_07\jre\bin\java.dll
0x6d860000 - 0x6d86f000 	D:\Program Files\Java\jdk1.6.0_07\jre\bin\zip.dll
0x10000000 - 0x10028000 	D:\Windows\System32\Jpcap.dll
0x76940000 - 0x76975000 	D:\Windows\system32\WS2_32.dll
0x75ce0000 - 0x75ce6000 	D:\Windows\system32\NSI.dll
0x03cb0000 - 0x03cfc000 	D:\Windows\system32\wpcap.dll
0x03d10000 - 0x03d28000 	D:\Windows\system32\packet.dll
0x74e30000 - 0x74e39000 	D:\Windows\system32\VERSION.dll
0x745c0000 - 0x745dc000 	D:\Windows\system32\iphlpapi.dll
0x740e0000 - 0x740e7000 	D:\Windows\system32\WINNSI.DLL
0x73e90000 - 0x73e9d000 	D:\Windows\system32\dhcpcsvc6.DLL
0x73e30000 - 0x73e42000 	D:\Windows\system32\dhcpcsvc.DLL
0x6d620000 - 0x6d633000 	D:\Program Files\Java\jdk1.6.0_07\jre\bin\net.dll
0x75370000 - 0x753ac000 	D:\Windows\system32\mswsock.dll
0x75360000 - 0x75366000 	D:\Windows\System32\wship6.dll

VM Arguments:
jvm_args: -Dfile.encoding=UTF-8 
java_command: sniffdemo.test
Launcher Type: SUN_STANDARD

Environment Variables:
PATH=D:\Program Files\PC Connectivity Solution\;D:\Windows\system32;D:\Windows;D:\Windows\System32\Wbem;D:\Windows\System32\WindowsPowerShell\v1.0\
USERNAME=Abdul karim
OS=Windows_NT
PROCESSOR_IDENTIFIER=x86 Family 6 Model 23 Stepping 10, GenuineIntel



---------------  S Y S T E M  ---------------

OS: Windows NT 6.1 Build 7600 

CPU:total 2 (2 cores per cpu, 1 threads per core) family 6 model 7 stepping 10, cmov, cx8, fxsr, mmx, sse, sse2, sse3, ssse3

Memory: 4k page, physical 978140k(325592k free), swap 2026716k(938020k free)

vm_info: Java HotSpot(TM) Client VM (10.0-b23) for windows-x86 JRE (1.6.0_07-b06), built on Jun 10 2008 01:14:11 by "java_re" with MS VC++ 7.1

time: Thu Oct 07 13:59:18 2010
elapsed time: 2 seconds

