#
# An unexpected error has been detected by Java Runtime Environment:
#
#  EXCEPTION_ACCESS_VIOLATION (0xc0000005) at pc=0x77c22b79, pid=3212, tid=3244
#
# Java VM: Java HotSpot(TM) Client VM (10.0-b23 mixed mode windows-x86)
# Problematic frame:
# C  [ntdll.dll+0x52b79]
#
# If you would like to submit a bug report, please visit:
#   http://java.sun.com/webapps/bugreport/crash.jsp
# The crash happened outside the Java Virtual Machine in native code.
# See problematic frame for where to report the bug.
#

---------------  T H R E A D  ---------------

Current thread (0x00187000):  JavaThread "main" [_thread_in_native, id=3244, stack(0x00190000,0x001e0000)]

siginfo: ExceptionCode=0xc0000005, reading address 0x0c09b21a

Registers:
EAX=0x00100000, EBX=0x0c0a0a70, ECX=0x00000001, EDX=0x0000007f
ESP=0x001dfa88, EBP=0x001dfab0, ESI=0x0c09b218, EDI=0x0c400000
EIP=0x77c22b79, EFLAGS=0x00010202

Top of Stack: (sp=0x001dfa88)
0x001dfa88:   0c400000 0c0a0a70 00000000 6d87832f
0x001dfa98:   0000000a 001dfa7c 00000014 001dfb98
0x001dfaa8:   77bed74d 0001e1d5 001dfba8 77c22e7d
0x001dfab8:   0c400000 0c0a0a70 001dfb78 00000000
0x001dfac8:   77de0a15 00000000 0c400000 0c0a0a78
0x001dfad8:   001dfc5c 6d9ef75d 001dfc5c 00187994
0x001dfae8:   001dfb34 6d90b070 00000000 6d9b6b12
0x001dfaf8:   01920a90 0c400000 0c400150 6d934260 

Instructions: (pc=0x77c22b79)
0x77c22b69:   f0 3b f3 74 17 8b 47 4c 8b c8 c1 e9 14 22 4f 52
0x77c22b79:   32 4e 02 f6 c1 01 0f 84 09 34 00 00 83 7f 4c 00 


Stack: [0x00190000,0x001e0000],  sp=0x001dfa88,  free space=318k
Native frames: (J=compiled Java code, j=interpreted, Vv=VM code, C=native code)
C  [ntdll.dll+0x52b79]
C  [ntdll.dll+0x52e7d]
C  [ntdll.dll+0x52d68]
C  [kernel32.dll+0x4f1ac]
C  [Jpcap.dll+0x578c]
C  [Jpcap.dll+0x351a]
v  ~BufferBlob::Interpreter
v  ~BufferBlob::Interpreter
v  ~BufferBlob::StubRoutines (1)

Java frames: (J=compiled Java code, j=interpreted, Vv=VM code)
v  ~BufferBlob::Interpreter
v  ~BufferBlob::Interpreter
v  ~BufferBlob::Interpreter
v  ~BufferBlob::StubRoutines (1)

---------------  P R O C E S S  ---------------

Java Threads: ( => current thread )
  0x019d1000 JavaThread "Low Memory Detector" daemon [_thread_blocked, id=3300, stack(0x0bd10000,0x0bd60000)]
  0x019d0000 JavaThread "CompilerThread0" daemon [_thread_blocked, id=3296, stack(0x0bcc0000,0x0bd10000)]
  0x019c4400 JavaThread "JDWP Command Reader" daemon [_thread_in_native, id=3280, stack(0x0bc70000,0x0bcc0000)]
  0x019c3c00 JavaThread "JDWP Event Helper Thread" daemon [_thread_blocked, id=3276, stack(0x0bc20000,0x0bc70000)]
  0x019c2400 JavaThread "JDWP Transport Listener: dt_shmem" daemon [_thread_blocked, id=3272, stack(0x0bbd0000,0x0bc20000)]
  0x019b5800 JavaThread "Attach Listener" daemon [_thread_blocked, id=3268, stack(0x0bb80000,0x0bbd0000)]
  0x019acc00 JavaThread "Signal Dispatcher" daemon [_thread_blocked, id=3264, stack(0x0bb30000,0x0bb80000)]
  0x0199e000 JavaThread "Finalizer" daemon [_thread_blocked, id=3260, stack(0x0bae0000,0x0bb30000)]
  0x01999c00 JavaThread "Reference Handler" daemon [_thread_blocked, id=3256, stack(0x0ba90000,0x0bae0000)]
=>0x00187000 JavaThread "main" [_thread_in_native, id=3244, stack(0x00190000,0x001e0000)]

Other Threads:
  0x01996c00 VMThread [stack: 0x0ba40000,0x0ba90000] [id=3252]
  0x019da800 WatcherThread [stack: 0x0bd60000,0x0bdb0000] [id=3304]

VM state:not at safepoint (normal execution)

VM Mutex/Monitor currently owned by a thread: None

Heap
 def new generation   total 960K, used 721K [0x03a10000, 0x03b10000, 0x03ef0000)
  eden space 896K,  80% used [0x03a10000, 0x03ac4410, 0x03af0000)
  from space 64K,   0% used [0x03af0000, 0x03af0000, 0x03b00000)
  to   space 64K,   0% used [0x03b00000, 0x03b00000, 0x03b10000)
 tenured generation   total 4096K, used 0K [0x03ef0000, 0x042f0000, 0x07a10000)
   the space 4096K,   0% used [0x03ef0000, 0x03ef0000, 0x03ef0200, 0x042f0000)
 compacting perm gen  total 12288K, used 2185K [0x07a10000, 0x08610000, 0x0ba10000)
   the space 12288K,  17% used [0x07a10000, 0x07c32580, 0x07c32600, 0x08610000)
No shared spaces configured.

Dynamic libraries:
0x00400000 - 0x00423000 	D:\Program Files\Java\jdk1.6.0_07\jre\bin\java.exe
0x77bd0000 - 0x77d0c000 	D:\Windows\SYSTEM32\ntdll.dll
0x76da0000 - 0x76e74000 	D:\Windows\system32\kernel32.dll
0x75fd0000 - 0x7601a000 	D:\Windows\system32\KERNELBASE.dll
0x77800000 - 0x778a0000 	D:\Windows\system32\ADVAPI32.dll
0x77360000 - 0x7740c000 	D:\Windows\system32\msvcrt.dll
0x774c0000 - 0x774d9000 	D:\Windows\SYSTEM32\sechost.dll
0x77410000 - 0x774b1000 	D:\Windows\system32\RPCRT4.dll
0x7c340000 - 0x7c396000 	D:\Program Files\Java\jdk1.6.0_07\jre\bin\msvcr71.dll
0x6d870000 - 0x6dac0000 	D:\Program Files\Java\jdk1.6.0_07\jre\bin\client\jvm.dll
0x76cd0000 - 0x76d99000 	D:\Windows\system32\USER32.dll
0x77720000 - 0x7776e000 	D:\Windows\system32\GDI32.dll
0x76fc0000 - 0x76fca000 	D:\Windows\system32\LPK.dll
0x77900000 - 0x7799d000 	D:\Windows\system32\USP10.dll
0x74410000 - 0x74442000 	D:\Windows\system32\WINMM.dll
0x778e0000 - 0x778ff000 	D:\Windows\system32\IMM32.DLL
0x779a0000 - 0x77a6c000 	D:\Windows\system32\MSCTF.dll
0x75c20000 - 0x75c6b000 	D:\Windows\system32\apphelp.dll
0x6d320000 - 0x6d328000 	D:\Program Files\Java\jdk1.6.0_07\jre\bin\hpi.dll
0x77570000 - 0x77575000 	D:\Windows\system32\PSAPI.DLL
0x6d410000 - 0x6d439000 	D:\Program Files\Java\jdk1.6.0_07\jre\bin\jdwp.dll
0x6d770000 - 0x6d776000 	D:\Program Files\Java\jdk1.6.0_07\jre\bin\npt.dll
0x6d820000 - 0x6d82c000 	D:\Program Files\Java\jdk1.6.0_07\jre\bin\verify.dll
0x6d3c0000 - 0x6d3df000 	D:\Program Files\Java\jdk1.6.0_07\jre\bin\java.dll
0x6d860000 - 0x6d86f000 	D:\Program Files\Java\jdk1.6.0_07\jre\bin\zip.dll
0x6d280000 - 0x6d288000 	D:\Program Files\Java\jdk1.6.0_07\jre\bin\dt_shmem.dll
0x10000000 - 0x10028000 	D:\Windows\System32\Jpcap.dll
0x778a0000 - 0x778d5000 	D:\Windows\system32\WS2_32.dll
0x77d10000 - 0x77d16000 	D:\Windows\system32\NSI.dll
0x0bfb0000 - 0x0bffc000 	D:\Windows\system32\wpcap.dll
0x0c000000 - 0x0c018000 	D:\Windows\system32\packet.dll
0x75220000 - 0x75229000 	D:\Windows\system32\VERSION.dll
0x73d40000 - 0x73d5c000 	D:\Windows\system32\iphlpapi.dll
0x73d30000 - 0x73d37000 	D:\Windows\system32\WINNSI.DLL
0x72410000 - 0x72422000 	D:\Windows\system32\dhcpcsvc.DLL
0x72400000 - 0x7240d000 	D:\Windows\system32\dhcpcsvc6.DLL
0x6d620000 - 0x6d633000 	D:\Program Files\Java\jdk1.6.0_07\jre\bin\net.dll
0x75760000 - 0x7579c000 	D:\Windows\system32\mswsock.dll
0x75750000 - 0x75756000 	D:\Windows\System32\wship6.dll

VM Arguments:
jvm_args: -Xdebug -Xrunjdwp:transport=dt_shmem,address=javadebug -Dfile.encoding=UTF-8 
java_command: sniffdemo.test
Launcher Type: SUN_STANDARD

Environment Variables:
PATH=D:\Program Files\PC Connectivity Solution\;D:\Windows\system32;D:\Windows;D:\Windows\System32\Wbem;D:\Windows\System32\WindowsPowerShell\v1.0\
USERNAME=Abdul karim
OS=Windows_NT
PROCESSOR_IDENTIFIER=x86 Family 6 Model 23 Stepping 10, GenuineIntel



---------------  S Y S T E M  ---------------

OS: Windows NT 6.1 Build 7600 

CPU:total 2 (2 cores per cpu, 1 threads per core) family 6 model 7 stepping 10, cmov, cx8, fxsr, mmx, sse, sse2, sse3, ssse3

Memory: 4k page, physical 978140k(356588k free), swap 2026716k(1277644k free)

vm_info: Java HotSpot(TM) Client VM (10.0-b23) for windows-x86 JRE (1.6.0_07-b06), built on Jun 10 2008 01:14:11 by "java_re" with MS VC++ 7.1

time: Wed Sep 08 09:20:59 2010
elapsed time: 176 seconds

