#
# An unexpected error has been detected by Java Runtime Environment:
#
#  EXCEPTION_ACCESS_VIOLATION (0xc0000005) at pc=0x77632b79, pid=3040, tid=1084
#
# Java VM: Java HotSpot(TM) Client VM (10.0-b23 mixed mode, sharing windows-x86)
# Problematic frame:
# C  [ntdll.dll+0x52b79]
#
# If you would like to submit a bug report, please visit:
#   http://java.sun.com/webapps/bugreport/crash.jsp
# The crash happened outside the Java Virtual Machine in native code.
# See problematic frame for where to report the bug.
#

---------------  T H R E A D  ---------------

Current thread (0x002d7000):  JavaThread "main" [_thread_in_native, id=1084, stack(0x00270000,0x002c0000)]

siginfo: ExceptionCode=0xc0000005, reading address 0x03df9f0a

Registers:
EAX=0x00100000, EBX=0x03e40a70, ECX=0x00000001, EDX=0x0000007f
ESP=0x002bfa88, EBP=0x002bfab0, ESI=0x03df9f08, EDI=0x03ff0000
EIP=0x77632b79, EFLAGS=0x00010202

Top of Stack: (sp=0x002bfa88)
0x002bfa88:   03ff0000 03e40a70 00000000 6d87832f
0x002bfa98:   0000000a 002bfa7c 00000014 002bfb98
0x002bfaa8:   775fd74d 004ec123 002bfba8 77632e7d
0x002bfab8:   03ff0000 03e40a70 002bfb78 00000000
0x002bfac8:   77062ae3 00000000 03ff0000 03e40a78
0x002bfad8:   002bfc5c 6d9ef75d 002bfc5c 002d756c
0x002bfae8:   002bfb34 6d90b070 00000000 6d9b6b12
0x002bfaf8:   018f0a70 03ff0000 03ff0150 6d934260 

Instructions: (pc=0x77632b79)
0x77632b69:   f0 3b f3 74 17 8b 47 4c 8b c8 c1 e9 14 22 4f 52
0x77632b79:   32 4e 02 f6 c1 01 0f 84 09 34 00 00 83 7f 4c 00 


Stack: [0x00270000,0x002c0000],  sp=0x002bfa88,  free space=318k
Native frames: (J=compiled Java code, j=interpreted, Vv=VM code, C=native code)
C  [ntdll.dll+0x52b79]
C  [ntdll.dll+0x52e7d]
C  [ntdll.dll+0x52d68]
C  [kernel32.dll+0x4f1ac]
C  [Jpcap.dll+0x578c]
C  [Jpcap.dll+0x351a]
v  ~BufferBlob::Interpreter
v  ~BufferBlob::Interpreter
v  ~BufferBlob::StubRoutines (1)

Java frames: (J=compiled Java code, j=interpreted, Vv=VM code)
v  ~BufferBlob::Interpreter
v  ~BufferBlob::Interpreter
v  ~BufferBlob::Interpreter
v  ~BufferBlob::StubRoutines (1)

---------------  P R O C E S S  ---------------

Java Threads: ( => current thread )
  0x01962c00 JavaThread "Low Memory Detector" daemon [_thread_blocked, id=2840, stack(0x03c10000,0x03c60000)]
  0x0195c400 JavaThread "CompilerThread0" daemon [_thread_blocked, id=2336, stack(0x03bc0000,0x03c10000)]
  0x0195bc00 JavaThread "Attach Listener" daemon [_thread_blocked, id=968, stack(0x03b70000,0x03bc0000)]
  0x01953400 JavaThread "Signal Dispatcher" daemon [_thread_blocked, id=2856, stack(0x03b20000,0x03b70000)]
  0x01913800 JavaThread "Finalizer" daemon [_thread_blocked, id=3092, stack(0x03ad0000,0x03b20000)]
  0x01912800 JavaThread "Reference Handler" daemon [_thread_blocked, id=4088, stack(0x03a80000,0x03ad0000)]
=>0x002d7000 JavaThread "main" [_thread_in_native, id=1084, stack(0x00270000,0x002c0000)]

Other Threads:
  0x01911000 VMThread [stack: 0x03a30000,0x03a80000] [id=3212]
  0x0196cc00 WatcherThread [stack: 0x03c60000,0x03cb0000] [id=2832]

VM state:not at safepoint (normal execution)

VM Mutex/Monitor currently owned by a thread: None

Heap
 def new generation   total 960K, used 484K [0x23690000, 0x23790000, 0x23b70000)
  eden space 896K,  54% used [0x23690000, 0x23709198, 0x23770000)
  from space 64K,   0% used [0x23770000, 0x23770000, 0x23780000)
  to   space 64K,   0% used [0x23780000, 0x23780000, 0x23790000)
 tenured generation   total 4096K, used 0K [0x23b70000, 0x23f70000, 0x27690000)
   the space 4096K,   0% used [0x23b70000, 0x23b70000, 0x23b70200, 0x23f70000)
 compacting perm gen  total 12288K, used 81K [0x27690000, 0x28290000, 0x2b690000)
   the space 12288K,   0% used [0x27690000, 0x276a4668, 0x276a4800, 0x28290000)
    ro space 8192K,  66% used [0x2b690000, 0x2bbe0f10, 0x2bbe1000, 0x2be90000)
    rw space 12288K,  52% used [0x2be90000, 0x2c4e06d0, 0x2c4e0800, 0x2ca90000)

Dynamic libraries:
0x00400000 - 0x00423000 	D:\Program Files\Java\jdk1.6.0_07\jre\bin\java.exe
0x775e0000 - 0x7771c000 	D:\Windows\SYSTEM32\ntdll.dll
0x77730000 - 0x77804000 	D:\Windows\system32\kernel32.dll
0x75920000 - 0x7596a000 	D:\Windows\system32\KERNELBASE.dll
0x76dc0000 - 0x76e60000 	D:\Windows\system32\ADVAPI32.dll
0x768a0000 - 0x7694c000 	D:\Windows\system32\msvcrt.dll
0x75a30000 - 0x75a49000 	D:\Windows\SYSTEM32\sechost.dll
0x77020000 - 0x770c1000 	D:\Windows\system32\RPCRT4.dll
0x7c340000 - 0x7c396000 	D:\Program Files\Java\jdk1.6.0_07\jre\bin\msvcr71.dll
0x6d870000 - 0x6dac0000 	D:\Program Files\Java\jdk1.6.0_07\jre\bin\client\jvm.dll
0x76bb0000 - 0x76c79000 	D:\Windows\system32\USER32.dll
0x76c90000 - 0x76cde000 	D:\Windows\system32\GDI32.dll
0x76c80000 - 0x76c8a000 	D:\Windows\system32\LPK.dll
0x76950000 - 0x769ed000 	D:\Windows\system32\USP10.dll
0x73e20000 - 0x73e52000 	D:\Windows\system32\WINMM.dll
0x76e60000 - 0x76e7f000 	D:\Windows\system32\IMM32.DLL
0x769f0000 - 0x76abc000 	D:\Windows\system32\MSCTF.dll
0x75630000 - 0x7567b000 	D:\Windows\system32\apphelp.dll
0x6d320000 - 0x6d328000 	D:\Program Files\Java\jdk1.6.0_07\jre\bin\hpi.dll
0x77300000 - 0x77305000 	D:\Windows\system32\PSAPI.DLL
0x6d820000 - 0x6d82c000 	D:\Program Files\Java\jdk1.6.0_07\jre\bin\verify.dll
0x6d3c0000 - 0x6d3df000 	D:\Program Files\Java\jdk1.6.0_07\jre\bin\java.dll
0x6d860000 - 0x6d86f000 	D:\Program Files\Java\jdk1.6.0_07\jre\bin\zip.dll
0x10000000 - 0x10028000 	D:\Windows\System32\Jpcap.dll
0x772c0000 - 0x772f5000 	D:\Windows\system32\WS2_32.dll
0x77720000 - 0x77726000 	D:\Windows\system32\NSI.dll
0x03cb0000 - 0x03cfc000 	D:\Windows\system32\wpcap.dll
0x03d10000 - 0x03d28000 	D:\Windows\system32\packet.dll
0x74c30000 - 0x74c39000 	D:\Windows\system32\VERSION.dll
0x734b0000 - 0x734cc000 	D:\Windows\system32\iphlpapi.dll
0x734a0000 - 0x734a7000 	D:\Windows\system32\WINNSI.DLL
0x73360000 - 0x73372000 	D:\Windows\system32\dhcpcsvc.DLL
0x73350000 - 0x7335d000 	D:\Windows\system32\dhcpcsvc6.DLL
0x6d620000 - 0x6d633000 	D:\Program Files\Java\jdk1.6.0_07\jre\bin\net.dll
0x75170000 - 0x751ac000 	D:\Windows\system32\mswsock.dll
0x75160000 - 0x75166000 	D:\Windows\System32\wship6.dll

VM Arguments:
jvm_args: -Dfile.encoding=UTF-8 
java_command: sniffdemo.test
Launcher Type: SUN_STANDARD

Environment Variables:
PATH=D:\Program Files\PC Connectivity Solution\;D:\Windows\system32;D:\Windows;D:\Windows\System32\Wbem;D:\Windows\System32\WindowsPowerShell\v1.0\
USERNAME=Abdul karim
OS=Windows_NT
PROCESSOR_IDENTIFIER=x86 Family 6 Model 23 Stepping 10, GenuineIntel



---------------  S Y S T E M  ---------------

OS: Windows NT 6.1 Build 7600 

CPU:total 2 (2 cores per cpu, 1 threads per core) family 6 model 7 stepping 10, cmov, cx8, fxsr, mmx, sse, sse2, sse3, ssse3

Memory: 4k page, physical 978140k(290344k free), swap 2026716k(1124284k free)

vm_info: Java HotSpot(TM) Client VM (10.0-b23) for windows-x86 JRE (1.6.0_07-b06), built on Jun 10 2008 01:14:11 by "java_re" with MS VC++ 7.1

time: Wed Sep 08 00:07:29 2010
elapsed time: 2 seconds

