#
# An unexpected error has been detected by Java Runtime Environment:
#
#  EXCEPTION_ACCESS_VIOLATION (0xc0000005) at pc=0x77742c06, pid=2576, tid=3904
#
# Java VM: Java HotSpot(TM) Client VM (10.0-b23 mixed mode, sharing windows-x86)
# Problematic frame:
# C  [ntdll.dll+0x52c06]
#
# If you would like to submit a bug report, please visit:
#   http://java.sun.com/webapps/bugreport/crash.jsp
# The crash happened outside the Java Virtual Machine in native code.
# See problematic frame for where to report the bug.
#

---------------  T H R E A D  ---------------

Current thread (0x00d57000):  JavaThread "main" [_thread_in_native, id=3904, stack(0x00170000,0x001c0000)]

siginfo: ExceptionCode=0xc0000005, reading address 0x03ddb5c8

Registers:
EAX=0x0000d56b, EBX=0x03d70a70, ECX=0x00000015, EDX=0x0000007f
ESP=0x001bfa78, EBP=0x001bfaa0, ESI=0x03ddb5c8, EDI=0x03f50000
EIP=0x77742c06, EFLAGS=0x00010206

Top of Stack: (sp=0x001bfa78)
0x001bfa78:   03f50000 03d70a70 00000000 6d87832f
0x001bfa88:   0000000a 001bfa6c 00000014 001bfb88
0x001bfa98:   7770d75d 0023a365 001bfb98 77742eed
0x001bfaa8:   03f50000 03ddb5c8 001bfb68 00000000
0x001bfab8:   774c4825 00000000 03f50000 03d70a78
0x001bfac8:   001bfc50 6d9ef75d 001bfc50 00d5756c
0x001bfad8:   001bfb24 6d90b070 00000000 6d9b6b12
0x001bfae8:   01970a70 03f50000 03f50150 6d934260 

Instructions: (pc=0x77742c06)
0x77742bf6:   7f 4c 00 8b 45 10 8b 00 8d 34 c3 89 75 0c 74 1d
0x77742c06:   8b 06 89 45 e4 33 47 50 8a c8 32 cc 89 45 e4 32 


Stack: [0x00170000,0x001c0000],  sp=0x001bfa78,  free space=318k
Native frames: (J=compiled Java code, j=interpreted, Vv=VM code, C=native code)
C  [ntdll.dll+0x52c06]
C  [ntdll.dll+0x52eed]
C  [ntdll.dll+0x52dd8]
C  [kernel32.dll+0x4f1cc]
C  [Jpcap.dll+0x578c]
C  [Jpcap.dll+0x351a]
v  ~BufferBlob::Interpreter
v  ~BufferBlob::Interpreter
v  ~BufferBlob::StubRoutines (1)

Java frames: (J=compiled Java code, j=interpreted, Vv=VM code)
v  ~BufferBlob::Interpreter
v  ~BufferBlob::Interpreter
v  ~BufferBlob::Interpreter
v  ~BufferBlob::StubRoutines (1)

---------------  P R O C E S S  ---------------

Java Threads: ( => current thread )
  0x019eac00 JavaThread "Low Memory Detector" daemon [_thread_blocked, id=1228, stack(0x03c40000,0x03c90000)]
  0x019dc400 JavaThread "CompilerThread0" daemon [_thread_in_native, id=3816, stack(0x03bf0000,0x03c40000)]
  0x019dbc00 JavaThread "Attach Listener" daemon [_thread_blocked, id=3836, stack(0x03ba0000,0x03bf0000)]
  0x019d3400 JavaThread "Signal Dispatcher" daemon [_thread_blocked, id=3896, stack(0x03b50000,0x03ba0000)]
  0x01993800 JavaThread "Finalizer" daemon [_thread_blocked, id=2964, stack(0x03b00000,0x03b50000)]
  0x01992800 JavaThread "Reference Handler" daemon [_thread_blocked, id=2680, stack(0x03ab0000,0x03b00000)]
=>0x00d57000 JavaThread "main" [_thread_in_native, id=3904, stack(0x00170000,0x001c0000)]

Other Threads:
  0x01991000 VMThread [stack: 0x03a60000,0x03ab0000] [id=1152]
  0x019ecc00 WatcherThread [stack: 0x03c90000,0x03ce0000] [id=3140]

VM state:not at safepoint (normal execution)

VM Mutex/Monitor currently owned by a thread: None

Heap
 def new generation   total 960K, used 462K [0x23690000, 0x23790000, 0x23b70000)
  eden space 896K,  51% used [0x23690000, 0x23703b20, 0x23770000)
  from space 64K,   0% used [0x23770000, 0x23770000, 0x23780000)
  to   space 64K,   0% used [0x23780000, 0x23780000, 0x23790000)
 tenured generation   total 4096K, used 0K [0x23b70000, 0x23f70000, 0x27690000)
   the space 4096K,   0% used [0x23b70000, 0x23b70000, 0x23b70200, 0x23f70000)
 compacting perm gen  total 12288K, used 81K [0x27690000, 0x28290000, 0x2b690000)
   the space 12288K,   0% used [0x27690000, 0x276a4508, 0x276a4600, 0x28290000)
    ro space 8192K,  66% used [0x2b690000, 0x2bbe0f10, 0x2bbe1000, 0x2be90000)
    rw space 12288K,  52% used [0x2be90000, 0x2c4e06d0, 0x2c4e0800, 0x2ca90000)

Dynamic libraries:
0x00400000 - 0x00428000 	D:\Program Files\Java\jdk1.6.0_07\jre\bin\java.exe
0x776f0000 - 0x7782c000 	D:\Windows\SYSTEM32\ntdll.dll
0x76f50000 - 0x77024000 	D:\Windows\system32\kernel32.dll
0x759d0000 - 0x75a1a000 	D:\Windows\system32\KERNELBASE.dll
0x76c20000 - 0x76cc0000 	D:\Windows\system32\ADVAPI32.dll
0x769f0000 - 0x76a9c000 	D:\Windows\system32\msvcrt.dll
0x77900000 - 0x77919000 	D:\Windows\SYSTEM32\sechost.dll
0x77640000 - 0x776e1000 	D:\Windows\system32\RPCRT4.dll
0x7c340000 - 0x7c396000 	D:\Program Files\Java\jdk1.6.0_07\jre\bin\msvcr71.dll
0x6d870000 - 0x6dac0000 	D:\Program Files\Java\jdk1.6.0_07\jre\bin\client\jvm.dll
0x77340000 - 0x77409000 	D:\Windows\system32\USER32.dll
0x778b0000 - 0x778fe000 	D:\Windows\system32\GDI32.dll
0x769e0000 - 0x769ea000 	D:\Windows\system32\LPK.dll
0x775a0000 - 0x7763d000 	D:\Windows\system32\USP10.dll
0x73d30000 - 0x73d62000 	D:\Windows\system32\WINMM.dll
0x75d20000 - 0x75d3f000 	D:\Windows\system32\IMM32.DLL
0x77270000 - 0x7733c000 	D:\Windows\system32\MSCTF.dll
0x75740000 - 0x7578b000 	D:\Windows\system32\apphelp.dll
0x6d320000 - 0x6d328000 	D:\Program Files\Java\jdk1.6.0_07\jre\bin\hpi.dll
0x77830000 - 0x77835000 	D:\Windows\system32\PSAPI.DLL
0x6d820000 - 0x6d82c000 	D:\Program Files\Java\jdk1.6.0_07\jre\bin\verify.dll
0x6d3c0000 - 0x6d3df000 	D:\Program Files\Java\jdk1.6.0_07\jre\bin\java.dll
0x6d860000 - 0x6d86f000 	D:\Program Files\Java\jdk1.6.0_07\jre\bin\zip.dll
0x10000000 - 0x10028000 	D:\Windows\System32\Jpcap.dll
0x76be0000 - 0x76c15000 	D:\Windows\system32\WS2_32.dll
0x77840000 - 0x77846000 	D:\Windows\system32\NSI.dll
0x03ce0000 - 0x03d2c000 	D:\Windows\system32\wpcap.dll
0x03d30000 - 0x03d48000 	D:\Windows\system32\packet.dll
0x74d40000 - 0x74d49000 	D:\Windows\system32\VERSION.dll
0x74540000 - 0x7455c000 	D:\Windows\system32\iphlpapi.dll
0x74530000 - 0x74537000 	D:\Windows\system32\WINNSI.DLL
0x73cf0000 - 0x73cfd000 	D:\Windows\system32\dhcpcsvc6.DLL
0x73d00000 - 0x73d12000 	D:\Windows\system32\dhcpcsvc.DLL
0x6d620000 - 0x6d633000 	D:\Program Files\Java\jdk1.6.0_07\jre\bin\net.dll
0x75280000 - 0x752bc000 	D:\Windows\system32\mswsock.dll
0x75270000 - 0x75276000 	D:\Windows\System32\wship6.dll

VM Arguments:
jvm_args: -Dfile.encoding=UTF-8 
java_command: sniffdemo.test
Launcher Type: SUN_STANDARD

Environment Variables:
PATH=D:\Program Files\PC Connectivity Solution\;D:\Windows\system32;D:\Windows;D:\Windows\System32\Wbem;D:\Windows\System32\WindowsPowerShell\v1.0\
USERNAME=Abdul karim
OS=Windows_NT
PROCESSOR_IDENTIFIER=x86 Family 6 Model 23 Stepping 10, GenuineIntel



---------------  S Y S T E M  ---------------

OS: Windows NT 6.1 Build 7600 

CPU:total 2 (2 cores per cpu, 1 threads per core) family 6 model 7 stepping 10, cmov, cx8, fxsr, mmx, sse, sse2, sse3, ssse3

Memory: 4k page, physical 978140k(211644k free), swap 2026716k(873064k free)

vm_info: Java HotSpot(TM) Client VM (10.0-b23) for windows-x86 JRE (1.6.0_07-b06), built on Jun 10 2008 01:14:11 by "java_re" with MS VC++ 7.1

time: Thu Oct 07 19:46:05 2010
elapsed time: 3 seconds

