#
# An unexpected error has been detected by Java Runtime Environment:
#
#  EXCEPTION_ACCESS_VIOLATION (0xc0000005) at pc=0x0195a95d, pid=424, tid=2588
#
# Java VM: Java HotSpot(TM) Client VM (10.0-b23 mixed mode, sharing windows-x86)
# Problematic frame:
# v  ~BufferBlob::jni_fast_GetLongField
#
# If you would like to submit a bug report, please visit:
#   http://java.sun.com/webapps/bugreport/crash.jsp
# The crash happened outside the Java Virtual Machine in native code.
# See problematic frame for where to report the bug.
#

---------------  T H R E A D  ---------------

Current thread (0x003b7000):  JavaThread "main" [_thread_in_native, id=2588, stack(0x00270000,0x002c0000)]

siginfo: ExceptionCode=0xc0000005, reading address 0x00000000

Registers:
EAX=0x00000000, EBX=0x6da7e348, ECX=0x00000002, EDX=0x00000000
ESP=0x002bf568, EBP=0x002bf5a0, ESI=0x00000022, EDI=0x00000000
EIP=0x0195a95d, EFLAGS=0x00010246

Top of Stack: (sp=0x002bf568)
0x002bf568:   003b70f4 6d9c2a6f 003b70f4 00000000
0x002bf578:   00000022 00000000 003b70f4 6da7e348
0x002bf588:   002bf57c 002bf174 002bfd9c 6da33ef0
0x002bf598:   6da5e1c8 00000000 002bfc58 1000358c
0x002bf5a8:   003b70f4 00000000 00000022 003b7000
0x002bf5b8:   276a4190 002bfc58 276a4190 00000002
0x002bf5c8:   002bf5dc 7780efbd 000b1b1c 002bf6c0
0x002bf5d8:   000b1b14 002bf680 777f6d7e 777f7478 

Instructions: (pc=0x0195a95d)
0x0195a94d:   00 00 00 8b c1 83 e0 01 8b 54 04 0c 8b 74 24 10
0x0195a95d:   8b 12 c1 ee 02 8b 04 32 8b 54 32 04 8b f0 33 f2 


Stack: [0x00270000,0x002c0000],  sp=0x002bf568,  free space=317k
Native frames: (J=compiled Java code, j=interpreted, Vv=VM code, C=native code)
v  ~BufferBlob::jni_fast_GetLongField
C  [Jpcap.dll+0x358c]
v  ~BufferBlob::Interpreter
v  ~BufferBlob::Interpreter
v  ~BufferBlob::StubRoutines (1)

Java frames: (J=compiled Java code, j=interpreted, Vv=VM code)
v  ~BufferBlob::Interpreter
v  ~BufferBlob::Interpreter
v  ~BufferBlob::Interpreter
v  ~BufferBlob::StubRoutines (1)

---------------  P R O C E S S  ---------------

Java Threads: ( => current thread )
  0x0189ac00 JavaThread "Low Memory Detector" daemon [_thread_blocked, id=760, stack(0x03c10000,0x03c60000)]
  0x0188c400 JavaThread "CompilerThread0" daemon [_thread_blocked, id=2532, stack(0x03bc0000,0x03c10000)]
  0x0188bc00 JavaThread "Attach Listener" daemon [_thread_blocked, id=2156, stack(0x03b70000,0x03bc0000)]
  0x01883400 JavaThread "Signal Dispatcher" daemon [_thread_blocked, id=3320, stack(0x03b20000,0x03b70000)]
  0x01843800 JavaThread "Finalizer" daemon [_thread_blocked, id=2636, stack(0x03ad0000,0x03b20000)]
  0x01842800 JavaThread "Reference Handler" daemon [_thread_blocked, id=2372, stack(0x03a80000,0x03ad0000)]
=>0x003b7000 JavaThread "main" [_thread_in_native, id=2588, stack(0x00270000,0x002c0000)]

Other Threads:
  0x01841000 VMThread [stack: 0x03a30000,0x03a80000] [id=3072]
  0x0189cc00 WatcherThread [stack: 0x03c60000,0x03cb0000] [id=2536]

VM state:not at safepoint (normal execution)

VM Mutex/Monitor currently owned by a thread: None

Heap
 def new generation   total 960K, used 430K [0x23690000, 0x23790000, 0x23b70000)
  eden space 896K,  48% used [0x23690000, 0x236fb8a8, 0x23770000)
  from space 64K,   0% used [0x23770000, 0x23770000, 0x23780000)
  to   space 64K,   0% used [0x23780000, 0x23780000, 0x23790000)
 tenured generation   total 4096K, used 0K [0x23b70000, 0x23f70000, 0x27690000)
   the space 4096K,   0% used [0x23b70000, 0x23b70000, 0x23b70200, 0x23f70000)
 compacting perm gen  total 12288K, used 81K [0x27690000, 0x28290000, 0x2b690000)
   the space 12288K,   0% used [0x27690000, 0x276a4450, 0x276a4600, 0x28290000)
    ro space 8192K,  66% used [0x2b690000, 0x2bbe0f10, 0x2bbe1000, 0x2be90000)
    rw space 12288K,  52% used [0x2be90000, 0x2c4e06d0, 0x2c4e0800, 0x2ca90000)

Dynamic libraries:
0x00400000 - 0x00423000 	D:\Program Files\Java\jdk1.6.0_07\jre\bin\java.exe
0x777a0000 - 0x778dc000 	D:\Windows\SYSTEM32\ntdll.dll
0x75ca0000 - 0x75d74000 	D:\Windows\system32\kernel32.dll
0x75b70000 - 0x75bba000 	D:\Windows\system32\KERNELBASE.dll
0x761b0000 - 0x76250000 	D:\Windows\system32\ADVAPI32.dll
0x77920000 - 0x779cc000 	D:\Windows\system32\msvcrt.dll
0x75d80000 - 0x75d99000 	D:\Windows\SYSTEM32\sechost.dll
0x76350000 - 0x763f1000 	D:\Windows\system32\RPCRT4.dll
0x7c340000 - 0x7c396000 	D:\Program Files\Java\jdk1.6.0_07\jre\bin\msvcr71.dll
0x6d870000 - 0x6dac0000 	D:\Program Files\Java\jdk1.6.0_07\jre\bin\client\jvm.dll
0x76a30000 - 0x76af9000 	D:\Windows\system32\USER32.dll
0x769e0000 - 0x76a2e000 	D:\Windows\system32\GDI32.dll
0x76400000 - 0x7640a000 	D:\Windows\system32\LPK.dll
0x75bf0000 - 0x75c8d000 	D:\Windows\system32\USP10.dll
0x73de0000 - 0x73e12000 	D:\Windows\system32\WINMM.dll
0x778f0000 - 0x7790f000 	D:\Windows\system32\IMM32.DLL
0x75da0000 - 0x75e6c000 	D:\Windows\system32\MSCTF.dll
0x757f0000 - 0x7583b000 	D:\Windows\system32\apphelp.dll
0x6d320000 - 0x6d328000 	D:\Program Files\Java\jdk1.6.0_07\jre\bin\hpi.dll
0x75c90000 - 0x75c95000 	D:\Windows\system32\PSAPI.DLL
0x6d820000 - 0x6d82c000 	D:\Program Files\Java\jdk1.6.0_07\jre\bin\verify.dll
0x6d3c0000 - 0x6d3df000 	D:\Program Files\Java\jdk1.6.0_07\jre\bin\java.dll
0x6d860000 - 0x6d86f000 	D:\Program Files\Java\jdk1.6.0_07\jre\bin\zip.dll
0x10000000 - 0x10028000 	D:\Windows\System32\Jpcap.dll
0x760f0000 - 0x76125000 	D:\Windows\system32\WS2_32.dll
0x77910000 - 0x77916000 	D:\Windows\system32\NSI.dll
0x03cb0000 - 0x03cfc000 	D:\Windows\system32\wpcap.dll
0x03d10000 - 0x03d28000 	D:\Windows\system32\packet.dll
0x74df0000 - 0x74df9000 	D:\Windows\system32\VERSION.dll
0x73910000 - 0x7392c000 	D:\Windows\system32\iphlpapi.dll
0x73900000 - 0x73907000 	D:\Windows\system32\WINNSI.DLL
0x73200000 - 0x7320d000 	D:\Windows\system32\dhcpcsvc6.DLL
0x73210000 - 0x73222000 	D:\Windows\system32\dhcpcsvc.DLL
0x6d620000 - 0x6d633000 	D:\Program Files\Java\jdk1.6.0_07\jre\bin\net.dll
0x75330000 - 0x7536c000 	D:\Windows\system32\mswsock.dll
0x75320000 - 0x75326000 	D:\Windows\System32\wship6.dll

VM Arguments:
jvm_args: -Dfile.encoding=UTF-8 
java_command: sniffdemo.test
Launcher Type: SUN_STANDARD

Environment Variables:
PATH=D:\Program Files\PC Connectivity Solution\;D:\Windows\system32;D:\Windows;D:\Windows\System32\Wbem;D:\Windows\System32\WindowsPowerShell\v1.0\
USERNAME=Abdul karim
OS=Windows_NT
PROCESSOR_IDENTIFIER=x86 Family 6 Model 23 Stepping 10, GenuineIntel



---------------  S Y S T E M  ---------------

OS: Windows NT 6.1 Build 7600 

CPU:total 2 (2 cores per cpu, 1 threads per core) family 6 model 7 stepping 10, cmov, cx8, fxsr, mmx, sse, sse2, sse3, ssse3

Memory: 4k page, physical 978140k(316776k free), swap 2026716k(1153836k free)

vm_info: Java HotSpot(TM) Client VM (10.0-b23) for windows-x86 JRE (1.6.0_07-b06), built on Jun 10 2008 01:14:11 by "java_re" with MS VC++ 7.1

time: Tue Sep 14 01:35:23 2010
elapsed time: 4 seconds

