#
# An unexpected error has been detected by Java Runtime Environment:
#
#  EXCEPTION_ACCESS_VIOLATION (0xc0000005) at pc=0x6d94d9c9, pid=888, tid=2124
#
# Java VM: Java HotSpot(TM) Client VM (10.0-b23 mixed mode windows-x86)
# Problematic frame:
# V  [jvm.dll+0xdd9c9]
#
# If you would like to submit a bug report, please visit:
#   http://java.sun.com/webapps/bugreport/crash.jsp
#

---------------  T H R E A D  ---------------

Current thread (0x00127000):  JavaThread "main" [_thread_in_vm, id=2124, stack(0x00380000,0x003d0000)]

siginfo: ExceptionCode=0xc0000005, reading address 0x00000000

Registers:
EAX=0x00000000, EBX=0x00000022, ECX=0x00000000, EDX=0x6d94d990
ESP=0x003cf590, EBP=0x003cfc58, ESI=0x001270f4, EDI=0x00127000
EIP=0x6d94d9c9, EFLAGS=0x00010246

Top of Stack: (sp=0x003cf590)
0x003cf590:   00127000 00000006 00000000 001270f4
0x003cf5a0:   6da7e348 1000358c 001270f4 00000000
0x003cf5b0:   00000022 00127000 07cb1db8 003cfc58
0x003cf5c0:   07cb1db8 000408e4 fffffffe 77c222ae
0x003cf5d0:   77c22149 00000018 00000018 019a1200
0x003cf5e0:   77c22149 00000018 00000018 00000002
0x003cf5f0:   00000000 00000030 00127000 003cf63c
0x003cf600:   7c3416b3 00120000 00000000 7c3416b8 

Instructions: (pc=0x6d94d9c9)
0x6d94d9b9:   6a 06 57 e8 4f 37 f2 ff 8b 5c 24 20 8b 4c 24 1c
0x6d94d9c9:   8b 01 8b 50 04 8b f3 83 c4 08 c1 ee 02 80 3d c9 


Stack: [0x00380000,0x003d0000],  sp=0x003cf590,  free space=317k
Native frames: (J=compiled Java code, j=interpreted, Vv=VM code, C=native code)
V  [jvm.dll+0xdd9c9]
v  ~BufferBlob::Interpreter
v  ~BufferBlob::Interpreter
v  ~BufferBlob::StubRoutines (1)

Java frames: (J=compiled Java code, j=interpreted, Vv=VM code)
v  ~BufferBlob::Interpreter
v  ~BufferBlob::Interpreter
v  ~BufferBlob::Interpreter
v  ~BufferBlob::StubRoutines (1)

---------------  P R O C E S S  ---------------

Java Threads: ( => current thread )
  0x01a53000 JavaThread "Low Memory Detector" daemon [_thread_blocked, id=1432, stack(0x0bd60000,0x0bdb0000)]
  0x01a51c00 JavaThread "CompilerThread0" daemon [_thread_blocked, id=832, stack(0x0bd10000,0x0bd60000)]
  0x01a46000 JavaThread "JDWP Command Reader" daemon [_thread_in_native, id=2252, stack(0x0bcc0000,0x0bd10000)]
  0x01a45c00 JavaThread "JDWP Event Helper Thread" daemon [_thread_blocked, id=1216, stack(0x0bc70000,0x0bcc0000)]
  0x01a42400 JavaThread "JDWP Transport Listener: dt_shmem" daemon [_thread_blocked, id=2260, stack(0x0bc20000,0x0bc70000)]
  0x01a35800 JavaThread "Attach Listener" daemon [_thread_blocked, id=1128, stack(0x0bbd0000,0x0bc20000)]
  0x01a2cc00 JavaThread "Signal Dispatcher" daemon [_thread_blocked, id=1376, stack(0x0bb80000,0x0bbd0000)]
  0x01a1ac00 JavaThread "Finalizer" daemon [_thread_blocked, id=2148, stack(0x0bb30000,0x0bb80000)]
  0x01a19c00 JavaThread "Reference Handler" daemon [_thread_blocked, id=2132, stack(0x0bae0000,0x0bb30000)]
=>0x00127000 JavaThread "main" [_thread_in_vm, id=2124, stack(0x00380000,0x003d0000)]

Other Threads:
  0x01a16c00 VMThread [stack: 0x0ba90000,0x0bae0000] [id=2128]
  0x01a64400 WatcherThread [stack: 0x0bdb0000,0x0be00000] [id=2500]

VM state:not at safepoint (normal execution)

VM Mutex/Monitor currently owned by a thread: None

Heap
 def new generation   total 960K, used 448K [0x03a90000, 0x03b90000, 0x03f70000)
  eden space 896K,  50% used [0x03a90000, 0x03b000e0, 0x03b70000)
  from space 64K,   0% used [0x03b70000, 0x03b70000, 0x03b80000)
  to   space 64K,   0% used [0x03b80000, 0x03b80000, 0x03b90000)
 tenured generation   total 4096K, used 0K [0x03f70000, 0x04370000, 0x07a90000)
   the space 4096K,   0% used [0x03f70000, 0x03f70000, 0x03f70200, 0x04370000)
 compacting perm gen  total 12288K, used 2184K [0x07a90000, 0x08690000, 0x0ba90000)
   the space 12288K,  17% used [0x07a90000, 0x07cb20d0, 0x07cb2200, 0x08690000)
No shared spaces configured.

Dynamic libraries:
0x00400000 - 0x00423000 	D:\Program Files\Java\jdk1.6.0_07\jre\bin\java.exe
0x77bd0000 - 0x77d0c000 	D:\Windows\SYSTEM32\ntdll.dll
0x76da0000 - 0x76e74000 	D:\Windows\system32\kernel32.dll
0x75fd0000 - 0x7601a000 	D:\Windows\system32\KERNELBASE.dll
0x77800000 - 0x778a0000 	D:\Windows\system32\ADVAPI32.dll
0x77360000 - 0x7740c000 	D:\Windows\system32\msvcrt.dll
0x774c0000 - 0x774d9000 	D:\Windows\SYSTEM32\sechost.dll
0x77410000 - 0x774b1000 	D:\Windows\system32\RPCRT4.dll
0x7c340000 - 0x7c396000 	D:\Program Files\Java\jdk1.6.0_07\jre\bin\msvcr71.dll
0x6d870000 - 0x6dac0000 	D:\Program Files\Java\jdk1.6.0_07\jre\bin\client\jvm.dll
0x76cd0000 - 0x76d99000 	D:\Windows\system32\USER32.dll
0x77720000 - 0x7776e000 	D:\Windows\system32\GDI32.dll
0x76fc0000 - 0x76fca000 	D:\Windows\system32\LPK.dll
0x77900000 - 0x7799d000 	D:\Windows\system32\USP10.dll
0x74410000 - 0x74442000 	D:\Windows\system32\WINMM.dll
0x778e0000 - 0x778ff000 	D:\Windows\system32\IMM32.DLL
0x779a0000 - 0x77a6c000 	D:\Windows\system32\MSCTF.dll
0x75c20000 - 0x75c6b000 	D:\Windows\system32\apphelp.dll
0x6d320000 - 0x6d328000 	D:\Program Files\Java\jdk1.6.0_07\jre\bin\hpi.dll
0x77570000 - 0x77575000 	D:\Windows\system32\PSAPI.DLL
0x6d410000 - 0x6d439000 	D:\Program Files\Java\jdk1.6.0_07\jre\bin\jdwp.dll
0x6d770000 - 0x6d776000 	D:\Program Files\Java\jdk1.6.0_07\jre\bin\npt.dll
0x6d820000 - 0x6d82c000 	D:\Program Files\Java\jdk1.6.0_07\jre\bin\verify.dll
0x6d3c0000 - 0x6d3df000 	D:\Program Files\Java\jdk1.6.0_07\jre\bin\java.dll
0x6d860000 - 0x6d86f000 	D:\Program Files\Java\jdk1.6.0_07\jre\bin\zip.dll
0x6d280000 - 0x6d288000 	D:\Program Files\Java\jdk1.6.0_07\jre\bin\dt_shmem.dll
0x10000000 - 0x10028000 	D:\Windows\System32\Jpcap.dll
0x778a0000 - 0x778d5000 	D:\Windows\system32\WS2_32.dll
0x77d10000 - 0x77d16000 	D:\Windows\system32\NSI.dll
0x0c000000 - 0x0c04c000 	D:\Windows\system32\wpcap.dll
0x00590000 - 0x005a8000 	D:\Windows\system32\packet.dll
0x75220000 - 0x75229000 	D:\Windows\system32\VERSION.dll
0x73d40000 - 0x73d5c000 	D:\Windows\system32\iphlpapi.dll
0x73d30000 - 0x73d37000 	D:\Windows\system32\WINNSI.DLL
0x72410000 - 0x72422000 	D:\Windows\system32\dhcpcsvc.DLL
0x72400000 - 0x7240d000 	D:\Windows\system32\dhcpcsvc6.DLL
0x6d620000 - 0x6d633000 	D:\Program Files\Java\jdk1.6.0_07\jre\bin\net.dll
0x75760000 - 0x7579c000 	D:\Windows\system32\mswsock.dll
0x75750000 - 0x75756000 	D:\Windows\System32\wship6.dll

VM Arguments:
jvm_args: -Xdebug -Xrunjdwp:transport=dt_shmem,address=javadebug -Dfile.encoding=UTF-8 
java_command: sniffdemo.test
Launcher Type: SUN_STANDARD

Environment Variables:
PATH=D:\Program Files\PC Connectivity Solution\;D:\Windows\system32;D:\Windows;D:\Windows\System32\Wbem;D:\Windows\System32\WindowsPowerShell\v1.0\
USERNAME=Abdul karim
OS=Windows_NT
PROCESSOR_IDENTIFIER=x86 Family 6 Model 23 Stepping 10, GenuineIntel



---------------  S Y S T E M  ---------------

OS: Windows NT 6.1 Build 7600 

CPU:total 2 (2 cores per cpu, 1 threads per core) family 6 model 7 stepping 10, cmov, cx8, fxsr, mmx, sse, sse2, sse3, ssse3

Memory: 4k page, physical 978140k(320700k free), swap 2026716k(1275012k free)

vm_info: Java HotSpot(TM) Client VM (10.0-b23) for windows-x86 JRE (1.6.0_07-b06), built on Jun 10 2008 01:14:11 by "java_re" with MS VC++ 7.1

time: Wed Sep 08 09:26:06 2010
elapsed time: 291 seconds

