#
# An unexpected error has been detected by Java Runtime Environment:
#
#  EXCEPTION_ACCESS_VIOLATION (0xc0000005) at pc=0x77c22b79, pid=2976, tid=3212
#
# Java VM: Java HotSpot(TM) Client VM (10.0-b23 mixed mode, sharing windows-x86)
# Problematic frame:
# C  [ntdll.dll+0x52b79]
#
# If you would like to submit a bug report, please visit:
#   http://java.sun.com/webapps/bugreport/crash.jsp
# The crash happened outside the Java Virtual Machine in native code.
# See problematic frame for where to report the bug.
#

---------------  T H R E A D  ---------------

Current thread (0x005a7000):  JavaThread "main" [_thread_in_native, id=3212, stack(0x00380000,0x003d0000)]

siginfo: ExceptionCode=0xc0000005, reading address 0x04071a6a

Registers:
EAX=0x00100000, EBX=0x04090a70, ECX=0x00000000, EDX=0x0000007f
ESP=0x003cfa88, EBP=0x003cfab0, ESI=0x04071a68, EDI=0x03fc0000
EIP=0x77c22b79, EFLAGS=0x00010246

Top of Stack: (sp=0x003cfa88)
0x003cfa88:   03fc0000 04090a70 00000000 6d87832f
0x003cfa98:   0000000a 003cfa7c 00000014 003cfb98
0x003cfaa8:   77bed74d 00bcd6e0 003cfba8 77c22e7d
0x003cfab8:   03fc0000 04090a70 003cfb78 00000000
0x003cfac8:   77423d20 00000000 03fc0000 04090a78
0x003cfad8:   003cfc5c 6d9ef75d 003cfc5c 005a756c
0x003cfae8:   003cfb34 6d90b070 00000000 6d9b6b12
0x003cfaf8:   018d0a70 03fc0000 03fc0150 6d934260 

Instructions: (pc=0x77c22b79)
0x77c22b69:   f0 3b f3 74 17 8b 47 4c 8b c8 c1 e9 14 22 4f 52
0x77c22b79:   32 4e 02 f6 c1 01 0f 84 09 34 00 00 83 7f 4c 00 


Stack: [0x00380000,0x003d0000],  sp=0x003cfa88,  free space=318k
Native frames: (J=compiled Java code, j=interpreted, Vv=VM code, C=native code)
C  [ntdll.dll+0x52b79]
C  [ntdll.dll+0x52e7d]
C  [ntdll.dll+0x52d68]
C  [kernel32.dll+0x4f1ac]
C  [Jpcap.dll+0x578c]
C  [Jpcap.dll+0x351a]
v  ~BufferBlob::Interpreter
v  ~BufferBlob::Interpreter
v  ~BufferBlob::StubRoutines (1)

Java frames: (J=compiled Java code, j=interpreted, Vv=VM code)
v  ~BufferBlob::Interpreter
v  ~BufferBlob::Interpreter
v  ~BufferBlob::Interpreter
v  ~BufferBlob::StubRoutines (1)

---------------  P R O C E S S  ---------------

Java Threads: ( => current thread )
  0x01947400 JavaThread "Low Memory Detector" daemon [_thread_blocked, id=4024, stack(0x03c20000,0x03c70000)]
  0x0193c400 JavaThread "CompilerThread0" daemon [_thread_blocked, id=3744, stack(0x03bd0000,0x03c20000)]
  0x0193c000 JavaThread "Attach Listener" daemon [_thread_blocked, id=3072, stack(0x03b80000,0x03bd0000)]
  0x01933400 JavaThread "Signal Dispatcher" daemon [_thread_blocked, id=2124, stack(0x03b30000,0x03b80000)]
  0x018f6c00 JavaThread "Finalizer" daemon [_thread_blocked, id=3184, stack(0x03ae0000,0x03b30000)]
  0x018f2800 JavaThread "Reference Handler" daemon [_thread_blocked, id=2812, stack(0x03a90000,0x03ae0000)]
=>0x005a7000 JavaThread "main" [_thread_in_native, id=3212, stack(0x00380000,0x003d0000)]

Other Threads:
  0x018f1000 VMThread [stack: 0x03a40000,0x03a90000] [id=2036]
  0x01949400 WatcherThread [stack: 0x03c70000,0x03cc0000] [id=3752]

VM state:not at safepoint (normal execution)

VM Mutex/Monitor currently owned by a thread: None

Heap
 def new generation   total 960K, used 735K [0x23690000, 0x23790000, 0x23b70000)
  eden space 896K,  82% used [0x23690000, 0x23747d20, 0x23770000)
  from space 64K,   0% used [0x23770000, 0x23770000, 0x23780000)
  to   space 64K,   0% used [0x23780000, 0x23780000, 0x23790000)
 tenured generation   total 4096K, used 0K [0x23b70000, 0x23f70000, 0x27690000)
   the space 4096K,   0% used [0x23b70000, 0x23b70000, 0x23b70200, 0x23f70000)
 compacting perm gen  total 12288K, used 81K [0x27690000, 0x28290000, 0x2b690000)
   the space 12288K,   0% used [0x27690000, 0x276a46a0, 0x276a4800, 0x28290000)
    ro space 8192K,  66% used [0x2b690000, 0x2bbe0f10, 0x2bbe1000, 0x2be90000)
    rw space 12288K,  52% used [0x2be90000, 0x2c4e06d0, 0x2c4e0800, 0x2ca90000)

Dynamic libraries:
0x00400000 - 0x00423000 	D:\Program Files\Java\jdk1.6.0_07\jre\bin\java.exe
0x77bd0000 - 0x77d0c000 	D:\Windows\SYSTEM32\ntdll.dll
0x76da0000 - 0x76e74000 	D:\Windows\system32\kernel32.dll
0x75fd0000 - 0x7601a000 	D:\Windows\system32\KERNELBASE.dll
0x77800000 - 0x778a0000 	D:\Windows\system32\ADVAPI32.dll
0x77360000 - 0x7740c000 	D:\Windows\system32\msvcrt.dll
0x774c0000 - 0x774d9000 	D:\Windows\SYSTEM32\sechost.dll
0x77410000 - 0x774b1000 	D:\Windows\system32\RPCRT4.dll
0x7c340000 - 0x7c396000 	D:\Program Files\Java\jdk1.6.0_07\jre\bin\msvcr71.dll
0x6d870000 - 0x6dac0000 	D:\Program Files\Java\jdk1.6.0_07\jre\bin\client\jvm.dll
0x76cd0000 - 0x76d99000 	D:\Windows\system32\USER32.dll
0x77720000 - 0x7776e000 	D:\Windows\system32\GDI32.dll
0x76fc0000 - 0x76fca000 	D:\Windows\system32\LPK.dll
0x77900000 - 0x7799d000 	D:\Windows\system32\USP10.dll
0x74410000 - 0x74442000 	D:\Windows\system32\WINMM.dll
0x778e0000 - 0x778ff000 	D:\Windows\system32\IMM32.DLL
0x779a0000 - 0x77a6c000 	D:\Windows\system32\MSCTF.dll
0x75c20000 - 0x75c6b000 	D:\Windows\system32\apphelp.dll
0x6d320000 - 0x6d328000 	D:\Program Files\Java\jdk1.6.0_07\jre\bin\hpi.dll
0x77570000 - 0x77575000 	D:\Windows\system32\PSAPI.DLL
0x6d820000 - 0x6d82c000 	D:\Program Files\Java\jdk1.6.0_07\jre\bin\verify.dll
0x6d3c0000 - 0x6d3df000 	D:\Program Files\Java\jdk1.6.0_07\jre\bin\java.dll
0x6d860000 - 0x6d86f000 	D:\Program Files\Java\jdk1.6.0_07\jre\bin\zip.dll
0x10000000 - 0x10028000 	D:\Windows\System32\Jpcap.dll
0x778a0000 - 0x778d5000 	D:\Windows\system32\WS2_32.dll
0x77d10000 - 0x77d16000 	D:\Windows\system32\NSI.dll
0x03cc0000 - 0x03d0c000 	D:\Windows\system32\wpcap.dll
0x03d10000 - 0x03d28000 	D:\Windows\system32\packet.dll
0x75220000 - 0x75229000 	D:\Windows\system32\VERSION.dll
0x73d40000 - 0x73d5c000 	D:\Windows\system32\iphlpapi.dll
0x73d30000 - 0x73d37000 	D:\Windows\system32\WINNSI.DLL
0x72400000 - 0x7240d000 	D:\Windows\system32\dhcpcsvc6.DLL
0x72410000 - 0x72422000 	D:\Windows\system32\dhcpcsvc.DLL
0x6d620000 - 0x6d633000 	D:\Program Files\Java\jdk1.6.0_07\jre\bin\net.dll
0x75760000 - 0x7579c000 	D:\Windows\system32\mswsock.dll
0x75750000 - 0x75756000 	D:\Windows\System32\wship6.dll

VM Arguments:
jvm_args: -Dfile.encoding=UTF-8 
java_command: sniffdemo.test
Launcher Type: SUN_STANDARD

Environment Variables:
PATH=D:\Program Files\PC Connectivity Solution\;D:\Windows\system32;D:\Windows;D:\Windows\System32\Wbem;D:\Windows\System32\WindowsPowerShell\v1.0\
USERNAME=Abdul karim
OS=Windows_NT
PROCESSOR_IDENTIFIER=x86 Family 6 Model 23 Stepping 10, GenuineIntel



---------------  S Y S T E M  ---------------

OS: Windows NT 6.1 Build 7600 

CPU:total 2 (2 cores per cpu, 1 threads per core) family 6 model 7 stepping 10, cmov, cx8, fxsr, mmx, sse, sse2, sse3, ssse3

Memory: 4k page, physical 978140k(320276k free), swap 2026716k(1143176k free)

vm_info: Java HotSpot(TM) Client VM (10.0-b23) for windows-x86 JRE (1.6.0_07-b06), built on Jun 10 2008 01:14:11 by "java_re" with MS VC++ 7.1

time: Wed Sep 08 12:25:15 2010
elapsed time: 10 seconds

